<?xml version="1.0" encoding="UTF-8"?>
<!-- Generated by org.testng.reporters.JUnitReportReporter -->
<testsuite hostname="DESKTOP-BN58NSU" failures="0" tests="2" name="Hybrid_app.demo_Hydrid" time="20.474" errors="0" timestamp="2022-12-07T14:45:39 IST" skipped="1">
  <testcase classname="Hybrid_app.demo_Hydrid" name="test1" time="20.474"/>
  <system-out/>
  <testcase classname="Hybrid_app.demo_Hydrid" name="positiveTesting">
    <skipped/>
  </testcase> <!-- positiveTesting -->
  <system-out/>
</testsuite> <!-- Hybrid_app.demo_Hydrid -->
